<?xml version="1.0" encoding="UTF-8"?>
<testsuite xmlns:xsi="http://www.w3.org/2001/XMLSchema-instance" xsi:noNamespaceSchemaLocation="https://maven.apache.org/surefire/maven-surefire-plugin/xsd/surefire-test-report.xsd" name="USER.UserUpdateTest" time="8.825" tests="6" errors="0" skipped="0" failures="0">
  <properties>
[...]
</properties>
  <testcase name="checkUpdateUserName" classname="USER.UserUpdateTest" time="0.5"/>
  <testcase name="checkUpdateUserPasswordNoLogin" classname="USER.UserUpdateTest" time="1.492"/>
  <testcase name="checkUpdateUserEmailNoLogin" classname="USER.UserUpdateTest" time="0.429"/>
  <testcase name="checkUpdateUserPassword" classname="USER.UserUpdateTest" time="0.473"/>
  <testcase name="checkUpdateUserEmail" classname="USER.UserUpdateTest" time="0.48"/>
  <testcase name="checkUpdateUserNameNoLogin" classname="USER.UserUpdateTest" time="5.447"/>
</testsuite>